[INFO]: Current run directory is /openlane/designs/picorv32_sram/runs/RUN_2022.03.18_20.46.21
[INFO]: Storing configs into config.tcl ...
[INFO]: Preparing LEF Files
[INFO]: Extracting the number of available metal layers from /home/aanujdu/z2a/pdk/sky130A/libs.ref/sky130_fd_sc_hd/techlef/sky130_fd_sc_hd.tlef
[INFO]: The available metal layers (6) are li1  met1  met2  met3  met4  met5
[INFO]: Merging LEF Files...
[INFO]: Merging the following extra LEFs: /openlane/designs/picorv32_sram/macros/lef/sky130_sram_2kbyte_1rw1r_32x512_8.lef /openlane/designs/picorv32_sram/macros/lef/picorv32_woready.lef
[INFO]: Trimming Liberty...
[INFO]: Generating Exclude List...
[INFO]: Generating Exclude List...
[INFO]: Creating ::env(DONT_USE_CELLS)...
[INFO]: Looking for files defined in ::env(EXTRA_GDS_FILES) /openlane/designs/picorv32_sram/macros/gds/picorv32_woready.gds /openlane/designs/picorv32_sram/macros/gds/sky130_sram_2kbyte_1rw1r_32x512_8.gds ...
[INFO]: /openlane/designs/picorv32_sram/macros/gds/picorv32_woready.gds exists.
[INFO]: /openlane/designs/picorv32_sram/macros/gds/sky130_sram_2kbyte_1rw1r_32x512_8.gds exists.
[INFO]: Preparation complete
[INFO]: Incremented step index to 0.
[INFO]: Running Synthesis...
[INFO]: Changing netlist from 0 to /openlane/designs/picorv32_sram/runs/RUN_2022.03.18_20.46.21/results/synthesis/picorv32_sram.v
[INFO]: Incremented step index to 1.
[INFO]: Running Static Timing Analysis...
[INFO]: Synthesis was successful
[INFO]: Running Floorplanning...
[INFO]: Running Initial Floorplanning...
[INFO]: Incremented step index to 2.
[INFO]: Core area width: 988.96
[INFO]: Core area height: 978.24
[INFO]: Final Vertical PDN Offset: 16.32
[INFO]: Final Horizontal PDN Offset: 16.65
[INFO]: Final Vertical PDN Pitch: 153.6
[INFO]: Final Horizontal PDN Pitch: 153.18
[INFO]: Changing layout from 0 to /openlane/designs/picorv32_sram/runs/RUN_2022.03.18_20.46.21/tmp/floorplan/3-initial_fp.def
[INFO]: Setting Core Dimensions...
[INFO]: Incremented step index to 3.
[INFO]: Running IO Placement...
[INFO]: Changing layout from /openlane/designs/picorv32_sram/runs/RUN_2022.03.18_20.46.21/tmp/floorplan/3-initial_fp.def to /openlane/designs/picorv32_sram/runs/RUN_2022.03.18_20.46.21/tmp/floorplan/4-io.def
[INFO]: Incremented step index to 4.
[INFO]: Performing Manual Macro Placement...
[INFO]: Changing layout from /openlane/designs/picorv32_sram/runs/RUN_2022.03.18_20.46.21/tmp/floorplan/4-io.def to /openlane/designs/picorv32_sram/runs/RUN_2022.03.18_20.46.21/tmp/floorplan/4-io.macro_placement.def
[INFO]: Incremented step index to 5.
[INFO]: Running Tap/Decap Insertion...
[INFO]: Changing layout from /openlane/designs/picorv32_sram/runs/RUN_2022.03.18_20.46.21/tmp/floorplan/4-io.macro_placement.def to /openlane/designs/picorv32_sram/runs/RUN_2022.03.18_20.46.21/results/floorplan/picorv32_sram.def
[INFO]: Power planning the following nets
[INFO]: Power: VPWR
[INFO]: Ground: VGND
[INFO]: Incremented step index to 6.
[INFO]: Generating PDN...
[ERROR]: during executing openroad script /openlane/scripts/openroad/pdn.tcl
[ERROR]: Exit code: 1
[ERROR]: Last 10 lines:
child process exited abnormally

[INFO]: Creating reproducible...
[INFO]: Saving runtime environment...
[INFO]: Reproducible packaged: Please tarball and upload designs/picorv32_sram/runs/RUN_2022.03.18_20.46.21/openroad_issue_reproducible if you're going to submit an issue.
[INFO]: Calculating Runtime From the Start...
[INFO]: Generating Final Summary Report...
[INFO]: Design Name: picorv32_sram
Run Directory: /openlane/designs/picorv32_sram/runs/RUN_2022.03.18_20.46.21
Source not found.
----------------------------------------

LVS Summary:
Source: /openlane/designs/picorv32_sram/runs/RUN_2022.03.18_20.46.21/logs/finishing/picorv32_sram.lvs.lef.log
Source not found.
----------------------------------------

Antenna Summary:
No antenna report found.
[INFO]: check full report here: /openlane/designs/picorv32_sram/runs/RUN_2022.03.18_20.46.21/reports/final_summary_report.csv
[INFO]: Saving runtime environment...
[ERROR]: Flow failed.
